<?xml version="1.0" encoding="UTF-8"?>
<!-- Generated by org.testng.reporters.JUnitXMLReporter -->
<testsuite ignored="0" hostname="DESKTOP-SJVCO66" failures="1" tests="1" name="ChromeTest" time="18.068" errors="0" timestamp="2022-06-15T15:08:55 IST">
  <testcase classname="pk_OrangeHRM.OrangeHRM_Login_Parameter" name="Login" time="0.0">
    <failure type="org.testng.TestNGException" message="
Parameter &amp;apos;url&amp;apos; is required by @Test on method Login but has not been marked @Optional or defined
in C:\SeleniumTraining\workspace\Selenium_Demo\SanityTest.xml">
      <![CDATA[org.testng.TestNGException: 
Parameter 'url' is required by @Test on method Login but has not been marked @Optional or defined
in C:\SeleniumTraining\workspace\Selenium_Demo\SanityTest.xml
at java.base/java.util.ArrayList.forEach(ArrayList.java:1511)
at java.base/java.util.concurrent.FutureTask.run(FutureTask.java:264)
at java.base/java.util.concurrent.ThreadPoolExecutor.runWorker(ThreadPoolExecutor.java:1136)
at java.base/java.util.concurrent.ThreadPoolExecutor$Worker.run(ThreadPoolExecutor.java:635)
at java.base/java.lang.Thread.run(Thread.java:833)
... Removed 17 stack frames]]>
    </failure>
  </testcase> <!-- Login -->
</testsuite> <!-- ChromeTest -->
